<?xml version="1.0" encoding="UTF-8"?>
<testsuite name="com.primus.nas.NasStorageProviderTest" tests="6" skipped="0" failures="0" errors="0" timestamp="2026-07-22T01:43:36.903Z" hostname="runnervm3jd5f" time="0.063">
  <properties/>
  <testcase name="delete_removesArtifacts()" classname="com.primus.nas.NasStorageProviderTest" time="0.033"/>
  <testcase name="exists_trueAfterPut()" classname="com.primus.nas.NasStorageProviderTest" time="0.003"/>
  <testcase name="putAndGet_roundTrip()" classname="com.primus.nas.NasStorageProviderTest" time="0.004"/>
  <testcase name="get_missingFile_throws()" classname="com.primus.nas.NasStorageProviderTest" time="0.002"/>
  <testcase name="sha256_deterministic()" classname="com.primus.nas.NasStorageProviderTest" time="0.002"/>
  <testcase name="checksumMismatch_throwsStorageException()" classname="com.primus.nas.NasStorageProviderTest" time="0.003"/>
  <system-out><![CDATA[]]></system-out>
  <system-err><![CDATA[SLF4J: Failed to load class "org.slf4j.impl.StaticLoggerBinder".
SLF4J: Defaulting to no-operation (NOP) logger implementation
SLF4J: See http://www.slf4j.org/codes.html#StaticLoggerBinder for further details.
]]></system-err>
</testsuite>
